21:24:27.046 zt-spark [main] INFO  o.s.c.a.AnnotationConfigApplicationContext - Refreshing org.springframework.context.annotation.AnnotationConfigApplicationContext@2b40ff9c: startup date [Wed Sep 09 21:24:27 CST 2020]; root of context hierarchy
21:24:27.278 zt-spark [main] INFO  o.s.b.f.a.AutowiredAnnotationBeanPostProcessor - JSR-330 'javax.inject.Inject' annotation found and supported for autowiring
21:24:27.306 zt-spark [main] INFO  o.s.c.s.PostProcessorRegistrationDelegate$BeanPostProcessorChecker - Bean 'configurationPropertiesRebinderAutoConfiguration' of type [org.springframework.cloud.autoconfigure.ConfigurationPropertiesRebinderAutoConfiguration$$EnhancerBySpringCGLIB$$7167f0e5] is not eligible for getting processed by all BeanPostProcessors (for example: not eligible for auto-proxying)
21:24:27.562 zt-spark [main] INFO  o.s.c.n.eureka.InstanceInfoFactory - Setting initial instance status as: STARTING
21:24:27.604 zt-spark [main] INFO  c.netflix.discovery.DiscoveryClient - Initializing Eureka in region us-east-1
21:24:27.839 zt-spark [main] INFO  c.n.d.p.DiscoveryJerseyProvider - Using JSON encoding codec LegacyJacksonJson
21:24:27.840 zt-spark [main] INFO  c.n.d.p.DiscoveryJerseyProvider - Using JSON decoding codec LegacyJacksonJson
21:24:27.910 zt-spark [main] INFO  c.n.d.p.DiscoveryJerseyProvider - Using XML encoding codec XStreamXml
21:24:27.910 zt-spark [main] INFO  c.n.d.p.DiscoveryJerseyProvider - Using XML decoding codec XStreamXml
21:24:28.085 zt-spark [main] INFO  c.n.d.s.r.aws.ConfigClusterResolver - Resolving eureka endpoints via configuration
21:24:28.174 zt-spark [main] INFO  c.netflix.discovery.DiscoveryClient - Disable delta property : false
21:24:28.174 zt-spark [main] INFO  c.netflix.discovery.DiscoveryClient - Single vip registry refresh property : null
21:24:28.174 zt-spark [main] INFO  c.netflix.discovery.DiscoveryClient - Force full registry fetch : false
21:24:28.174 zt-spark [main] INFO  c.netflix.discovery.DiscoveryClient - Application is null : false
21:24:28.174 zt-spark [main] INFO  c.netflix.discovery.DiscoveryClient - Registered Applications size is zero : true
21:24:28.174 zt-spark [main] INFO  c.netflix.discovery.DiscoveryClient - Application version is -1: true
21:24:28.174 zt-spark [main] INFO  c.netflix.discovery.DiscoveryClient - Getting all instance registry info from the eureka server
21:24:28.300 zt-spark [main] INFO  c.netflix.discovery.DiscoveryClient - The response status is 200
21:24:28.302 zt-spark [main] INFO  c.netflix.discovery.DiscoveryClient - Not registering with Eureka server per configuration
21:24:28.305 zt-spark [main] INFO  c.netflix.discovery.DiscoveryClient - Discovery Client initialized at timestamp 1599657868304 with initial instances count: 2
21:24:28.536 zt-spark [main] INFO  o.s.c.c.c.ConfigServicePropertySourceLocator - Fetching config from server at : http://192.168.10.139:2001/
21:24:28.823 zt-spark [main] INFO  o.s.c.c.c.ConfigServicePropertySourceLocator - Located environment: name=zt-spark, profiles=[dev], label=null, version=null, state=null
21:24:28.823 zt-spark [main] INFO  o.s.c.b.c.PropertySourceBootstrapConfiguration - Located property source: CompositePropertySource {name='configService', propertySources=[MapPropertySource {name='classpath:/config/zt-spark-dev.yml'}, MapPropertySource {name='classpath:/config/application-dev.yml'}]}
21:24:28.826 zt-spark [main] INFO  com.ztman.ztspark.ZtSparkApplication - The following profiles are active: dev
21:24:28.840 zt-spark [main] INFO  o.s.b.w.s.c.AnnotationConfigServletWebServerApplicationContext - Refreshing org.springframework.boot.web.servlet.context.AnnotationConfigServletWebServerApplicationContext@629adce: startup date [Wed Sep 09 21:24:28 CST 2020]; parent: org.springframework.context.annotation.AnnotationConfigApplicationContext@2b40ff9c
21:24:29.509 zt-spark [main] INFO  o.s.b.f.s.DefaultListableBeanFactory - Overriding bean definition for bean 'websocketContainerCustomizer' with a different definition: replacing [Root bean: class [null]; scope=; abstract=false; lazyInit=false; autowireMode=3; dependencyCheck=0; autowireCandidate=true; primary=false; factoryBeanName=org.springframework.boot.autoconfigure.websocket.servlet.WebSocketServletAutoConfiguration$UndertowWebSocketConfiguration; factoryMethodName=websocketContainerCustomizer; initMethodName=null; destroyMethodName=(inferred); defined in class path resource [org/springframework/boot/autoconfigure/websocket/servlet/WebSocketServletAutoConfiguration$UndertowWebSocketConfiguration.class]] with [Root bean: class [null]; scope=; abstract=false; lazyInit=false; autowireMode=3; dependencyCheck=0; autowireCandidate=true; primary=false; factoryBeanName=org.springframework.boot.autoconfigure.websocket.servlet.WebSocketServletAutoConfiguration$TomcatWebSocketConfiguration; factoryMethodName=websocketContainerCustomizer; initMethodName=null; destroyMethodName=(inferred); defined in class path resource [org/springframework/boot/autoconfigure/websocket/servlet/WebSocketServletAutoConfiguration$TomcatWebSocketConfiguration.class]]
21:24:29.777 zt-spark [main] INFO  o.s.d.r.c.RepositoryConfigurationDelegate - Multiple Spring Data modules found, entering strict repository configuration mode!
21:24:30.122 zt-spark [main] INFO  o.s.cloud.context.scope.GenericScope - BeanFactory id=9696704d-8d4a-31bb-b50c-f2085b8db1d4
21:24:30.156 zt-spark [main] INFO  o.s.b.f.a.AutowiredAnnotationBeanPostProcessor - JSR-330 'javax.inject.Inject' annotation found and supported for autowiring
21:24:30.282 zt-spark [main] INFO  o.s.c.s.PostProcessorRegistrationDelegate$BeanPostProcessorChecker - Bean 'org.springframework.transaction.annotation.ProxyTransactionManagementConfiguration' of type [org.springframework.transaction.annotation.ProxyTransactionManagementConfiguration$$EnhancerBySpringCGLIB$$554dede8] is not eligible for getting processed by all BeanPostProcessors (for example: not eligible for auto-proxying)
21:24:30.431 zt-spark [main] INFO  o.s.c.s.PostProcessorRegistrationDelegate$BeanPostProcessorChecker - Bean 'org.springframework.security.config.annotation.configuration.ObjectPostProcessorConfiguration' of type [org.springframework.security.config.annotation.configuration.ObjectPostProcessorConfiguration$$EnhancerBySpringCGLIB$$edfbb622] is not eligible for getting processed by all BeanPostProcessors (for example: not eligible for auto-proxying)
21:24:30.440 zt-spark [main] INFO  o.s.c.s.PostProcessorRegistrationDelegate$BeanPostProcessorChecker - Bean 'objectPostProcessor' of type [org.springframework.security.config.annotation.configuration.AutowireBeanFactoryObjectPostProcessor] is not eligible for getting processed by all BeanPostProcessors (for example: not eligible for auto-proxying)
21:24:30.445 zt-spark [main] INFO  o.s.c.s.PostProcessorRegistrationDelegate$BeanPostProcessorChecker - Bean 'org.springframework.security.access.expression.method.DefaultMethodSecurityExpressionHandler@652b3733' of type [org.springframework.security.oauth2.provider.expression.OAuth2MethodSecurityExpressionHandler] is not eligible for getting processed by all BeanPostProcessors (for example: not eligible for auto-proxying)
21:24:30.455 zt-spark [main] INFO  o.s.c.s.PostProcessorRegistrationDelegate$BeanPostProcessorChecker - Bean 'org.springframework.security.config.annotation.method.configuration.GlobalMethodSecurityConfiguration' of type [org.springframework.security.config.annotation.method.configuration.GlobalMethodSecurityConfiguration$$EnhancerBySpringCGLIB$$12d058d4] is not eligible for getting processed by all BeanPostProcessors (for example: not eligible for auto-proxying)
21:24:30.464 zt-spark [main] INFO  o.s.c.s.PostProcessorRegistrationDelegate$BeanPostProcessorChecker - Bean 'methodSecurityMetadataSource' of type [org.springframework.security.access.method.DelegatingMethodSecurityMetadataSource] is not eligible for getting processed by all BeanPostProcessors (for example: not eligible for auto-proxying)
21:24:30.490 zt-spark [main] INFO  o.s.c.s.PostProcessorRegistrationDelegate$BeanPostProcessorChecker - Bean 'org.springframework.cloud.autoconfigure.ConfigurationPropertiesRebinderAutoConfiguration' of type [org.springframework.cloud.autoconfigure.ConfigurationPropertiesRebinderAutoConfiguration$$EnhancerBySpringCGLIB$$7167f0e5] is not eligible for getting processed by all BeanPostProcessors (for example: not eligible for auto-proxying)
21:24:30.891 zt-spark [main] INFO  o.s.b.w.e.tomcat.TomcatWebServer - Tomcat initialized with port(s): 9100 (http)
21:24:30.905 zt-spark [main] INFO  o.a.coyote.http11.Http11NioProtocol - Initializing ProtocolHandler ["http-nio-9100"]
21:24:30.914 zt-spark [main] INFO  o.a.catalina.core.StandardService - Starting service [Tomcat]
21:24:30.915 zt-spark [main] INFO  o.a.catalina.core.StandardEngine - Starting Servlet Engine: Apache Tomcat/8.5.32
21:24:30.918 zt-spark [localhost-startStop-1] INFO  o.a.c.core.AprLifecycleListener - The APR based Apache Tomcat Native library which allows optimal performance in production environments was not found on the java.library.path: [D:\Program Files\Java\jdk1.8.0_221\bin;C:\Windows\Sun\Java\bin;C:\Windows\system32;C:\Windows;C:\Program Files (x86)\Common Files\Oracle\Java\javapath;C:\Windows\system32;C:\Windows;C:\Windows\System32\Wbem;C:\Windows\System32\WindowsPowerShell\v1.0\;C:\Program Files (x86)\NVIDIA Corporation\PhysX\Common;D:\Program Files\Git\cmd;D:\Program Files\Java\jdk1.8.0_221\bin;D:\Program Files\Java\jdk1.8.0_221\jre\bin;D:\Program Files\nodejs\;D:\Program Files\nodejs\node_global;C:\Users\Administrator\AppData\Roaming\npm;.]
21:24:31.159 zt-spark [localhost-startStop-1] INFO  org.apache.jasper.servlet.TldScanner - At least one JAR was scanned for TLDs yet contained no TLDs. Enable debug logging for this logger for a complete list of JARs that were scanned but no TLDs were found in them. Skipping unneeded JARs during scanning can improve startup time and JSP compilation time.
21:24:31.163 zt-spark [localhost-startStop-1] INFO  o.a.c.c.C.[Tomcat].[localhost].[/] - Initializing Spring embedded WebApplicationContext
21:24:31.163 zt-spark [localhost-startStop-1] INFO  o.s.web.context.ContextLoader - Root WebApplicationContext: initialization completed in 2324 ms
21:24:31.380 zt-spark [localhost-startStop-1] WARN  c.n.c.sources.URLConfigurationSource - No URLs will be polled as dynamic configuration sources.
21:24:31.381 zt-spark [localhost-startStop-1] INFO  c.n.c.sources.URLConfigurationSource - To enable URLs as dynamic configuration sources, define System property archaius.configurationSource.additionalUrls or make config.properties available on classpath.
21:24:31.388 zt-spark [localhost-startStop-1] INFO  c.n.config.DynamicPropertyFactory - DynamicPropertyFactory is initialized with configuration sources: com.netflix.config.ConcurrentCompositeConfiguration@3bf3c366
21:24:31.574 zt-spark [localhost-startStop-1] INFO  c.a.d.s.b.a.DruidDataSourceAutoConfigure - Init DruidDataSource
21:24:31.753 zt-spark [localhost-startStop-1] INFO  c.alibaba.druid.pool.DruidDataSource - {dataSource-1} inited
21:24:32.956 zt-spark [localhost-startStop-1] INFO  o.s.b.w.s.FilterRegistrationBean - Mapping filter: 'characterEncodingFilter' to: [/*]
21:24:32.956 zt-spark [localhost-startStop-1] INFO  o.s.b.w.s.FilterRegistrationBean - Mapping filter: 'webMvcMetricsFilter' to: [/*]
21:24:32.956 zt-spark [localhost-startStop-1] INFO  o.s.b.w.s.FilterRegistrationBean - Mapping filter: 'hiddenHttpMethodFilter' to: [/*]
21:24:32.956 zt-spark [localhost-startStop-1] INFO  o.s.b.w.s.FilterRegistrationBean - Mapping filter: 'httpPutFormContentFilter' to: [/*]
21:24:32.956 zt-spark [localhost-startStop-1] INFO  o.s.b.w.s.FilterRegistrationBean - Mapping filter: 'requestContextFilter' to: [/*]
21:24:32.957 zt-spark [localhost-startStop-1] INFO  o.s.b.w.s.DelegatingFilterProxyRegistrationBean - Mapping filter: 'springSecurityFilterChain' to: [/*]
21:24:32.957 zt-spark [localhost-startStop-1] INFO  o.s.b.w.s.FilterRegistrationBean - Mapping filter: 'httpTraceFilter' to: [/*]
21:24:32.957 zt-spark [localhost-startStop-1] INFO  o.s.b.w.s.FilterRegistrationBean - Mapping filter: 'webStatFilter' to urls: [/*]
21:24:32.957 zt-spark [localhost-startStop-1] INFO  o.s.b.w.s.ServletRegistrationBean - Servlet dispatcherServlet mapped to [/]
21:24:32.958 zt-spark [localhost-startStop-1] INFO  o.s.b.w.s.ServletRegistrationBean - Servlet statViewServlet mapped to [/druid/*]
21:24:32.958 zt-spark [localhost-startStop-1] INFO  o.s.b.a.e.w.ServletEndpointRegistrar - Registered '/actuator/jolokia' to jolokia-actuator-endpoint
21:24:32.959 zt-spark [localhost-startStop-1] INFO  o.s.b.a.e.w.ServletEndpointRegistrar - Registered '/actuator/hystrix.stream' to hystrix.stream-actuator-endpoint
21:24:33.984 zt-spark [main] ERROR c.b.mybatisplus.MybatisConfiguration - mapper[com.ztman.ztspark.mapper.WorkOrderSuperviseMapper.selectWorkOrderSuperviseById] is ignored, because it's exists, maybe from xml file
21:24:34.654 zt-spark [main] INFO  o.s.w.s.m.m.a.RequestMappingHandlerMapping - Mapped "{[/companyduty],methods=[PUT]}" onto public com.ztman.common.core.util.R com.ztman.ztspark.controller.CompanyDutyController.update(com.ztman.ztspark.dto.CompanyDutyDTO)
21:24:34.655 zt-spark [main] INFO  o.s.w.s.m.m.a.RequestMappingHandlerMapping - Mapped "{[/companyduty/{id}],methods=[DELETE]}" onto public com.ztman.common.core.util.R com.ztman.ztspark.controller.CompanyDutyController.delete(java.lang.Integer)
21:24:34.655 zt-spark [main] INFO  o.s.w.s.m.m.a.RequestMappingHandlerMapping - Mapped "{[/companyduty/dutyPeople/list],methods=[POST]}" onto public com.baomidou.mybatisplus.plugins.Page com.ztman.ztspark.controller.CompanyDutyController.list(java.util.Map<java.lang.String, java.lang.Object>)
21:24:34.655 zt-spark [main] INFO  o.s.w.s.m.m.a.RequestMappingHandlerMapping - Mapped "{[/companyduty],methods=[POST]}" onto public com.ztman.common.core.util.R com.ztman.ztspark.controller.CompanyDutyController.save(com.ztman.ztspark.dto.CompanyDutyDTO)
21:24:34.655 zt-spark [main] INFO  o.s.w.s.m.m.a.RequestMappingHandlerMapping - Mapped "{[/companyduty/{id}],methods=[GET]}" onto public com.ztman.common.core.util.R com.ztman.ztspark.controller.CompanyDutyController.info(java.lang.Integer)
21:24:34.655 zt-spark [main] INFO  o.s.w.s.m.m.a.RequestMappingHandlerMapping - Mapped "{[/companyduty/page],methods=[POST]}" onto public com.baomidou.mybatisplus.plugins.Page com.ztman.ztspark.controller.CompanyDutyController.page(java.util.Map<java.lang.String, java.lang.Object>)
21:24:34.656 zt-spark [main] INFO  o.s.w.s.m.m.a.RequestMappingHandlerMapping - Mapped "{[/companyduty/downloadExcel],methods=[GET]}" onto public void com.ztman.ztspark.controller.CompanyDutyController.downloadExcel(javax.servlet.http.HttpServletResponse,java.util.Map<java.lang.String, java.lang.Object>) throws java.io.IOException
21:24:34.657 zt-spark [main] INFO  o.s.w.s.m.m.a.RequestMappingHandlerMapping - Mapped "{[/companyfile],methods=[PUT]}" onto public com.ztman.common.core.util.R com.ztman.ztspark.controller.CompanyFileController.update(com.ztman.ztspark.entity.company.CompanyFile)
21:24:34.657 zt-spark [main] INFO  o.s.w.s.m.m.a.RequestMappingHandlerMapping - Mapped "{[/companyfile/{id}],methods=[DELETE]}" onto public com.ztman.common.core.util.R com.ztman.ztspark.controller.CompanyFileController.delete(java.lang.Integer)
21:24:34.657 zt-spark [main] INFO  o.s.w.s.m.m.a.RequestMappingHandlerMapping - Mapped "{[/companyfile],methods=[POST]}" onto public com.ztman.common.core.util.R com.ztman.ztspark.controller.CompanyFileController.save(com.ztman.ztspark.entity.company.CompanyFile)
21:24:34.657 zt-spark [main] INFO  o.s.w.s.m.m.a.RequestMappingHandlerMapping - Mapped "{[/companyfile/{id}],methods=[GET]}" onto public com.ztman.common.core.util.R com.ztman.ztspark.controller.CompanyFileController.info(java.lang.Integer)
21:24:34.657 zt-spark [main] INFO  o.s.w.s.m.m.a.RequestMappingHandlerMapping - Mapped "{[/companyfile/page],methods=[GET]}" onto public com.baomidou.mybatisplus.plugins.Page com.ztman.ztspark.controller.CompanyFileController.page(java.util.Map<java.lang.String, java.lang.Object>)
21:24:34.657 zt-spark [main] INFO  o.s.w.s.m.m.a.RequestMappingHandlerMapping - Mapped "{[/companyfile/downloadExcel],methods=[GET]}" onto public void com.ztman.ztspark.controller.CompanyFileController.downloadExcel(javax.servlet.http.HttpServletResponse,java.util.Map<java.lang.String, java.lang.Object>) throws java.io.IOException
21:24:34.658 zt-spark [main] INFO  o.s.w.s.m.m.a.RequestMappingHandlerMapping - Mapped "{[/companyfile/uploadExcel],methods=[POST]}" onto public void com.ztman.ztspark.controller.CompanyFileController.uploadExcel(org.springframework.web.multipart.MultipartFile) throws java.lang.Exception
21:24:34.659 zt-spark [main] INFO  o.s.w.s.m.m.a.RequestMappingHandlerMapping - Mapped "{[/companypeople],methods=[PUT]}" onto public com.ztman.common.core.util.R com.ztman.ztspark.controller.CompanyPeopleController.update(com.ztman.ztspark.entity.company.CompanyPeople)
21:24:34.659 zt-spark [main] INFO  o.s.w.s.m.m.a.RequestMappingHandlerMapping - Mapped "{[/companypeople/{id}],methods=[DELETE]}" onto public com.ztman.common.core.util.R com.ztman.ztspark.controller.CompanyPeopleController.delete(java.lang.Integer)
21:24:34.660 zt-spark [main] INFO  o.s.w.s.m.m.a.RequestMappingHandlerMapping - Mapped "{[/companypeople],methods=[POST]}" onto public com.ztman.common.core.util.R com.ztman.ztspark.controller.CompanyPeopleController.save(com.ztman.ztspark.entity.company.CompanyPeople)
21:24:34.660 zt-spark [main] INFO  o.s.w.s.m.m.a.RequestMappingHandlerMapping - Mapped "{[/companypeople/{id}],methods=[GET]}" onto public com.ztman.common.core.util.R com.ztman.ztspark.controller.CompanyPeopleController.info(java.lang.Integer)
21:24:34.660 zt-spark [main] INFO  o.s.w.s.m.m.a.RequestMappingHandlerMapping - Mapped "{[/companypeople/page],methods=[GET]}" onto public com.baomidou.mybatisplus.plugins.Page com.ztman.ztspark.controller.CompanyPeopleController.page(java.util.Map<java.lang.String, java.lang.Object>)
21:24:34.660 zt-spark [main] INFO  o.s.w.s.m.m.a.RequestMappingHandlerMapping - Mapped "{[/companypeople/downloadExcel],methods=[GET]}" onto public void com.ztman.ztspark.controller.CompanyPeopleController.downloadExcel(javax.servlet.http.HttpServletResponse,java.util.Map<java.lang.String, java.lang.Object>) throws java.io.IOException
21:24:34.660 zt-spark [main] INFO  o.s.w.s.m.m.a.RequestMappingHandlerMapping - Mapped "{[/companypeople/uploadExcel],methods=[POST]}" onto public void com.ztman.ztspark.controller.CompanyPeopleController.uploadExcel(org.springframework.web.multipart.MultipartFile) throws java.lang.Exception
21:24:34.661 zt-spark [main] INFO  o.s.w.s.m.m.a.RequestMappingHandlerMapping - Mapped "{[/companypeople/inputList],methods=[GET]}" onto public java.util.List<java.util.HashMap<java.lang.String, java.lang.Object>> com.ztman.ztspark.controller.CompanyPeopleController.inputList(java.util.Map<java.lang.String, java.lang.Object>)
21:24:34.662 zt-spark [main] INFO  o.s.w.s.m.m.a.RequestMappingHandlerMapping - Mapped "{[/companywork],methods=[PUT]}" onto public com.ztman.common.core.util.R com.ztman.ztspark.controller.CompanyWorkController.update(com.ztman.ztspark.entity.company.CompanyWork)
21:24:34.662 zt-spark [main] INFO  o.s.w.s.m.m.a.RequestMappingHandlerMapping - Mapped "{[/companywork/{workId}],methods=[DELETE]}" onto public com.ztman.common.core.util.R com.ztman.ztspark.controller.CompanyWorkController.delete(java.lang.Integer)
21:24:34.662 zt-spark [main] INFO  o.s.w.s.m.m.a.RequestMappingHandlerMapping - Mapped "{[/companywork],methods=[POST]}" onto public com.ztman.common.core.util.R com.ztman.ztspark.controller.CompanyWorkController.save(com.ztman.ztspark.entity.company.CompanyWork)
21:24:34.663 zt-spark [main] INFO  o.s.w.s.m.m.a.RequestMappingHandlerMapping - Mapped "{[/companywork/{workId}],methods=[GET]}" onto public com.ztman.common.core.util.R com.ztman.ztspark.controller.CompanyWorkController.info(java.lang.Integer)
21:24:34.663 zt-spark [main] INFO  o.s.w.s.m.m.a.RequestMappingHandlerMapping - Mapped "{[/companywork/page],methods=[GET]}" onto public com.baomidou.mybatisplus.plugins.Page com.ztman.ztspark.controller.CompanyWorkController.page(java.util.Map<java.lang.String, java.lang.Object>)
21:24:34.663 zt-spark [main] INFO  o.s.w.s.m.m.a.RequestMappingHandlerMapping - Mapped "{[/companywork/downloadExcel],methods=[GET]}" onto public void com.ztman.ztspark.controller.CompanyWorkController.downloadExcel(javax.servlet.http.HttpServletResponse,java.util.Map<java.lang.String, java.lang.Object>) throws java.io.IOException
21:24:34.663 zt-spark [main] INFO  o.s.w.s.m.m.a.RequestMappingHandlerMapping - Mapped "{[/companywork/uploadExcel],methods=[POST]}" onto public void com.ztman.ztspark.controller.CompanyWorkController.uploadExcel(org.springframework.web.multipart.MultipartFile) throws java.lang.Exception
21:24:34.663 zt-spark [main] INFO  o.s.w.s.m.m.a.RequestMappingHandlerMapping - Mapped "{[/companywork/generateDutyInfo],methods=[GET]}" onto public void com.ztman.ztspark.controller.CompanyWorkController.generateDutyInfo()
21:24:34.666 zt-spark [main] INFO  o.s.w.s.m.m.a.RequestMappingHandlerMapping - Mapped "{[/schedule/workOrder/supervise],methods=[PUT]}" onto public com.ztman.common.core.util.R com.ztman.ztspark.controller.ScheduleController.workOrderSupervise(com.ztman.ztspark.entity.workorder.dto.WorkOrderSuperviseDTO)
21:24:34.666 zt-spark [main] INFO  o.s.w.s.m.m.a.RequestMappingHandlerMapping - Mapped "{[/schedule/workOrder/attachment/{id}],methods=[GET]}" onto public com.ztman.common.core.util.R com.ztman.ztspark.controller.ScheduleController.workOrderAttachment(java.lang.String)
21:24:34.666 zt-spark [main] INFO  o.s.w.s.m.m.a.RequestMappingHandlerMapping - Mapped "{[/schedule/workOrder/verify/{workOrderId}],methods=[GET]}" onto public com.ztman.common.core.util.R com.ztman.ztspark.controller.ScheduleController.workOrderVerifyDetail(java.lang.String)
21:24:34.666 zt-spark [main] INFO  o.s.w.s.m.m.a.RequestMappingHandlerMapping - Mapped "{[/schedule/workOrder/assign],methods=[PUT]}" onto public com.ztman.common.core.util.R com.ztman.ztspark.controller.ScheduleController.workOrderAssign(com.ztman.ztspark.entity.workorder.dto.WorkOrderAssignDTO)
21:24:34.666 zt-spark [main] INFO  o.s.w.s.m.m.a.RequestMappingHandlerMapping - Mapped "{[/schedule/workOrder/verify],methods=[PUT]}" onto public com.ztman.common.core.util.R com.ztman.ztspark.controller.ScheduleController.workOrderVerify(com.ztman.ztspark.entity.workorder.dto.WorkOrderVerifyDTO)
21:24:34.667 zt-spark [main] INFO  o.s.w.s.m.m.a.RequestMappingHandlerMapping - Mapped "{[/schedule/workOrderList],methods=[POST]}" onto public com.baomidou.mybatisplus.plugins.Page com.ztman.ztspark.controller.ScheduleController.business(java.lang.String)
21:24:34.667 zt-spark [main] INFO  o.s.w.s.m.m.a.RequestMappingHandlerMapping - Mapped "{[/schedule/workOrder/{id}],methods=[DELETE]}" onto public com.ztman.common.core.util.R com.ztman.ztspark.controller.ScheduleController.workOrderDelete(java.lang.String)
21:24:34.667 zt-spark [main] INFO  o.s.w.s.m.m.a.RequestMappingHandlerMapping - Mapped "{[/schedule/workOrder/{id}],methods=[GET]}" onto public com.ztman.common.core.util.R com.ztman.ztspark.controller.ScheduleController.workOrderDetail(java.lang.String)
21:24:34.667 zt-spark [main] INFO  o.s.w.s.m.m.a.RequestMappingHandlerMapping - Mapped "{[/schedule/workOrder/import],methods=[POST]}" onto public com.baomidou.mybatisplus.plugins.Page com.ztman.ztspark.controller.ScheduleController.workOrderImport(java.util.Map<java.lang.String, java.lang.Object>)
21:24:34.667 zt-spark [main] INFO  o.s.w.s.m.m.a.RequestMappingHandlerMapping - Mapped "{[/schedule/workOrder/page],methods=[GET]}" onto public com.ztman.common.core.util.R com.ztman.ztspark.controller.ScheduleController.workOrderList(int,int,java.lang.String,java.lang.String,java.lang.String)
21:24:34.667 zt-spark [main] INFO  o.s.w.s.m.m.a.RequestMappingHandlerMapping - Mapped "{[/schedule/workOrder/process/{workOrderId}],methods=[GET]}" onto public com.ztman.common.core.util.R com.ztman.ztspark.controller.ScheduleController.workOrderProcess(java.lang.String)
21:24:34.669 zt-spark [main] INFO  o.s.w.s.m.m.a.RequestMappingHandlerMapping - Mapped "{[/upload/singlefile],methods=[POST],consumes=[multipart/form-data]}" onto public com.ztman.common.core.util.R com.ztman.ztspark.controller.UploadController.singlefile(org.springframework.web.multipart.MultipartFile) throws java.io.IOException
21:24:34.671 zt-spark [main] INFO  o.s.w.s.m.m.a.RequestMappingHandlerMapping - Mapped "{[/swagger-resources/configuration/security]}" onto public org.springframework.http.ResponseEntity<springfox.documentation.swagger.web.SecurityConfiguration> springfox.documentation.swagger.web.ApiResourceController.securityConfiguration()
21:24:34.671 zt-spark [main] INFO  o.s.w.s.m.m.a.RequestMappingHandlerMapping - Mapped "{[/swagger-resources/configuration/ui]}" onto public org.springframework.http.ResponseEntity<springfox.documentation.swagger.web.UiConfiguration> springfox.documentation.swagger.web.ApiResourceController.uiConfiguration()
21:24:34.672 zt-spark [main] INFO  o.s.w.s.m.m.a.RequestMappingHandlerMapping - Mapped "{[/swagger-resources]}" onto public org.springframework.http.ResponseEntity<java.util.List<springfox.documentation.swagger.web.SwaggerResource>> springfox.documentation.swagger.web.ApiResourceController.swaggerResources()
21:24:34.674 zt-spark [main] INFO  o.s.w.s.m.m.a.RequestMappingHandlerMapping - Mapped "{[/error]}" onto public org.springframework.http.ResponseEntity<java.util.Map<java.lang.String, java.lang.Object>> org.springframework.boot.autoconfigure.web.servlet.error.BasicErrorController.error(javax.servlet.http.HttpServletRequest)
21:24:34.674 zt-spark [main] INFO  o.s.w.s.m.m.a.RequestMappingHandlerMapping - Mapped "{[/error],produces=[text/html]}" onto public org.springframework.web.servlet.ModelAndView org.springframework.boot.autoconfigure.web.servlet.error.BasicErrorController.errorHtml(javax.servlet.http.HttpServletRequest,javax.servlet.http.HttpServletResponse)
21:24:34.767 zt-spark [main] INFO  o.s.b.a.e.web.EndpointLinksResolver - Exposing 20 endpoint(s) beneath base path '/actuator'
21:24:34.777 zt-spark [main] INFO  o.s.b.a.e.w.s.WebMvcEndpointHandlerMapping - Mapped "{[/actuator/archaius],methods=[GET],produces=[application/vnd.spring-boot.actuator.v2+json || application/json]}" onto public java.lang.Object org.springframework.boot.actuate.endpoint.web.servlet.AbstractWebMvcEndpointHandlerMapping$OperationHandler.handle(javax.servlet.http.HttpServletRequest,java.util.Map<java.lang.String, java.lang.String>)
21:24:34.778 zt-spark [main] INFO  o.s.b.a.e.w.s.WebMvcEndpointHandlerMapping - Mapped "{[/actuator/auditevents],methods=[GET],produces=[application/vnd.spring-boot.actuator.v2+json || application/json]}" onto public java.lang.Object org.springframework.boot.actuate.endpoint.web.servlet.AbstractWebMvcEndpointHandlerMapping$OperationHandler.handle(javax.servlet.http.HttpServletRequest,java.util.Map<java.lang.String, java.lang.String>)
21:24:34.778 zt-spark [main] INFO  o.s.b.a.e.w.s.WebMvcEndpointHandlerMapping - Mapped "{[/actuator/beans],methods=[GET],produces=[application/vnd.spring-boot.actuator.v2+json || application/json]}" onto public java.lang.Object org.springframework.boot.actuate.endpoint.web.servlet.AbstractWebMvcEndpointHandlerMapping$OperationHandler.handle(javax.servlet.http.HttpServletRequest,java.util.Map<java.lang.String, java.lang.String>)
21:24:34.778 zt-spark [main] INFO  o.s.b.a.e.w.s.WebMvcEndpointHandlerMapping - Mapped "{[/actuator/health],methods=[GET],produces=[application/vnd.spring-boot.actuator.v2+json || application/json]}" onto public java.lang.Object org.springframework.boot.actuate.endpoint.web.servlet.AbstractWebMvcEndpointHandlerMapping$OperationHandler.handle(javax.servlet.http.HttpServletRequest,java.util.Map<java.lang.String, java.lang.String>)
21:24:34.778 zt-spark [main] INFO  o.s.b.a.e.w.s.WebMvcEndpointHandlerMapping - Mapped "{[/actuator/conditions],methods=[GET],produces=[application/vnd.spring-boot.actuator.v2+json || application/json]}" onto public java.lang.Object org.springframework.boot.actuate.endpoint.web.servlet.AbstractWebMvcEndpointHandlerMapping$OperationHandler.handle(javax.servlet.http.HttpServletRequest,java.util.Map<java.lang.String, java.lang.String>)
21:24:34.778 zt-spark [main] INFO  o.s.b.a.e.w.s.WebMvcEndpointHandlerMapping - Mapped "{[/actuator/configprops],methods=[GET],produces=[application/vnd.spring-boot.actuator.v2+json || application/json]}" onto public java.lang.Object org.springframework.boot.actuate.endpoint.web.servlet.AbstractWebMvcEndpointHandlerMapping$OperationHandler.handle(javax.servlet.http.HttpServletRequest,java.util.Map<java.lang.String, java.lang.String>)
21:24:34.779 zt-spark [main] INFO  o.s.b.a.e.w.s.WebMvcEndpointHandlerMapping - Mapped "{[/actuator/env],methods=[GET],produces=[application/vnd.spring-boot.actuator.v2+json || application/json]}" onto public java.lang.Object org.springframework.boot.actuate.endpoint.web.servlet.AbstractWebMvcEndpointHandlerMapping$OperationHandler.handle(javax.servlet.http.HttpServletRequest,java.util.Map<java.lang.String, java.lang.String>)
21:24:34.779 zt-spark [main] INFO  o.s.b.a.e.w.s.WebMvcEndpointHandlerMapping - Mapped "{[/actuator/env/{toMatch}],methods=[GET],produces=[application/vnd.spring-boot.actuator.v2+json || application/json]}" onto public java.lang.Object org.springframework.boot.actuate.endpoint.web.servlet.AbstractWebMvcEndpointHandlerMapping$OperationHandler.handle(javax.servlet.http.HttpServletRequest,java.util.Map<java.lang.String, java.lang.String>)
21:24:34.779 zt-spark [main] INFO  o.s.b.a.e.w.s.WebMvcEndpointHandlerMapping - Mapped "{[/actuator/env],methods=[POST],consumes=[application/vnd.spring-boot.actuator.v2+json || application/json],produces=[application/vnd.spring-boot.actuator.v2+json || application/json]}" onto public java.lang.Object org.springframework.boot.actuate.endpoint.web.servlet.AbstractWebMvcEndpointHandlerMapping$OperationHandler.handle(javax.servlet.http.HttpServletRequest,java.util.Map<java.lang.String, java.lang.String>)
21:24:34.779 zt-spark [main] INFO  o.s.b.a.e.w.s.WebMvcEndpointHandlerMapping - Mapped "{[/actuator/env],methods=[DELETE],produces=[application/vnd.spring-boot.actuator.v2+json || application/json]}" onto public java.lang.Object org.springframework.boot.actuate.endpoint.web.servlet.AbstractWebMvcEndpointHandlerMapping$OperationHandler.handle(javax.servlet.http.HttpServletRequest,java.util.Map<java.lang.String, java.lang.String>)
21:24:34.779 zt-spark [main] INFO  o.s.b.a.e.w.s.WebMvcEndpointHandlerMapping - Mapped "{[/actuator/info],methods=[GET],produces=[application/vnd.spring-boot.actuator.v2+json || application/json]}" onto public java.lang.Object org.springframework.boot.actuate.endpoint.web.servlet.AbstractWebMvcEndpointHandlerMapping$OperationHandler.handle(javax.servlet.http.HttpServletRequest,java.util.Map<java.lang.String, java.lang.String>)
21:24:34.779 zt-spark [main] INFO  o.s.b.a.e.w.s.WebMvcEndpointHandlerMapping - Mapped "{[/actuator/loggers],methods=[GET],produces=[application/vnd.spring-boot.actuator.v2+json || application/json]}" onto public java.lang.Object org.springframework.boot.actuate.endpoint.web.servlet.AbstractWebMvcEndpointHandlerMapping$OperationHandler.handle(javax.servlet.http.HttpServletRequest,java.util.Map<java.lang.String, java.lang.String>)
21:24:34.780 zt-spark [main] INFO  o.s.b.a.e.w.s.WebMvcEndpointHandlerMapping - Mapped "{[/actuator/loggers/{name}],methods=[GET],produces=[application/vnd.spring-boot.actuator.v2+json || application/json]}" onto public java.lang.Object org.springframework.boot.actuate.endpoint.web.servlet.AbstractWebMvcEndpointHandlerMapping$OperationHandler.handle(javax.servlet.http.HttpServletRequest,java.util.Map<java.lang.String, java.lang.String>)
21:24:34.780 zt-spark [main] INFO  o.s.b.a.e.w.s.WebMvcEndpointHandlerMapping - Mapped "{[/actuator/loggers/{name}],methods=[POST],consumes=[application/vnd.spring-boot.actuator.v2+json || application/json]}" onto public java.lang.Object org.springframework.boot.actuate.endpoint.web.servlet.AbstractWebMvcEndpointHandlerMapping$OperationHandler.handle(javax.servlet.http.HttpServletRequest,java.util.Map<java.lang.String, java.lang.String>)
21:24:34.780 zt-spark [main] INFO  o.s.b.a.e.w.s.WebMvcEndpointHandlerMapping - Mapped "{[/actuator/heapdump],methods=[GET],produces=[application/octet-stream]}" onto public java.lang.Object org.springframework.boot.actuate.endpoint.web.servlet.AbstractWebMvcEndpointHandlerMapping$OperationHandler.handle(javax.servlet.http.HttpServletRequest,java.util.Map<java.lang.String, java.lang.String>)
21:24:34.780 zt-spark [main] INFO  o.s.b.a.e.w.s.WebMvcEndpointHandlerMapping - Mapped "{[/actuator/threaddump],methods=[GET],produces=[application/vnd.spring-boot.actuator.v2+json || application/json]}" onto public java.lang.Object org.springframework.boot.actuate.endpoint.web.servlet.AbstractWebMvcEndpointHandlerMapping$OperationHandler.handle(javax.servlet.http.HttpServletRequest,java.util.Map<java.lang.String, java.lang.String>)
21:24:34.780 zt-spark [main] INFO  o.s.b.a.e.w.s.WebMvcEndpointHandlerMapping - Mapped "{[/actuator/metrics/{requiredMetricName}],methods=[GET],produces=[application/vnd.spring-boot.actuator.v2+json || application/json]}" onto public java.lang.Object org.springframework.boot.actuate.endpoint.web.servlet.AbstractWebMvcEndpointHandlerMapping$OperationHandler.handle(javax.servlet.http.HttpServletRequest,java.util.Map<java.lang.String, java.lang.String>)
21:24:34.780 zt-spark [main] INFO  o.s.b.a.e.w.s.WebMvcEndpointHandlerMapping - Mapped "{[/actuator/metrics],methods=[GET],produces=[application/vnd.spring-boot.actuator.v2+json || application/json]}" onto public java.lang.Object org.springframework.boot.actuate.endpoint.web.servlet.AbstractWebMvcEndpointHandlerMapping$OperationHandler.handle(javax.servlet.http.HttpServletRequest,java.util.Map<java.lang.String, java.lang.String>)
21:24:34.780 zt-spark [main] INFO  o.s.b.a.e.w.s.WebMvcEndpointHandlerMapping - Mapped "{[/actuator/scheduledtasks],methods=[GET],produces=[application/vnd.spring-boot.actuator.v2+json || application/json]}" onto public java.lang.Object org.springframework.boot.actuate.endpoint.web.servlet.AbstractWebMvcEndpointHandlerMapping$OperationHandler.handle(javax.servlet.http.HttpServletRequest,java.util.Map<java.lang.String, java.lang.String>)
21:24:34.780 zt-spark [main] INFO  o.s.b.a.e.w.s.WebMvcEndpointHandlerMapping - Mapped "{[/actuator/httptrace],methods=[GET],produces=[application/vnd.spring-boot.actuator.v2+json || application/json]}" onto public java.lang.Object org.springframework.boot.actuate.endpoint.web.servlet.AbstractWebMvcEndpointHandlerMapping$OperationHandler.handle(javax.servlet.http.HttpServletRequest,java.util.Map<java.lang.String, java.lang.String>)
21:24:34.781 zt-spark [main] INFO  o.s.b.a.e.w.s.WebMvcEndpointHandlerMapping - Mapped "{[/actuator/mappings],methods=[GET],produces=[application/vnd.spring-boot.actuator.v2+json || application/json]}" onto public java.lang.Object org.springframework.boot.actuate.endpoint.web.servlet.AbstractWebMvcEndpointHandlerMapping$OperationHandler.handle(javax.servlet.http.HttpServletRequest,java.util.Map<java.lang.String, java.lang.String>)
21:24:34.781 zt-spark [main] INFO  o.s.b.a.e.w.s.WebMvcEndpointHandlerMapping - Mapped "{[/actuator/refresh],methods=[POST],produces=[application/vnd.spring-boot.actuator.v2+json || application/json]}" onto public java.lang.Object org.springframework.boot.actuate.endpoint.web.servlet.AbstractWebMvcEndpointHandlerMapping$OperationHandler.handle(javax.servlet.http.HttpServletRequest,java.util.Map<java.lang.String, java.lang.String>)
21:24:34.781 zt-spark [main] INFO  o.s.b.a.e.w.s.WebMvcEndpointHandlerMapping - Mapped "{[/actuator/features],methods=[GET],produces=[application/vnd.spring-boot.actuator.v2+json || application/json]}" onto public java.lang.Object org.springframework.boot.actuate.endpoint.web.servlet.AbstractWebMvcEndpointHandlerMapping$OperationHandler.handle(javax.servlet.http.HttpServletRequest,java.util.Map<java.lang.String, java.lang.String>)
21:24:34.781 zt-spark [main] INFO  o.s.b.a.e.w.s.WebMvcEndpointHandlerMapping - Mapped "{[/actuator/service-registry],methods=[GET],produces=[application/vnd.spring-boot.actuator.v2+json || application/json]}" onto public java.lang.Object org.springframework.boot.actuate.endpoint.web.servlet.AbstractWebMvcEndpointHandlerMapping$OperationHandler.handle(javax.servlet.http.HttpServletRequest,java.util.Map<java.lang.String, java.lang.String>)
21:24:34.781 zt-spark [main] INFO  o.s.b.a.e.w.s.WebMvcEndpointHandlerMapping - Mapped "{[/actuator/service-registry],methods=[POST],consumes=[application/vnd.spring-boot.actuator.v2+json || application/json],produces=[application/vnd.spring-boot.actuator.v2+json || application/json]}" onto public java.lang.Object org.springframework.boot.actuate.endpoint.web.servlet.AbstractWebMvcEndpointHandlerMapping$OperationHandler.handle(javax.servlet.http.HttpServletRequest,java.util.Map<java.lang.String, java.lang.String>)
21:24:34.781 zt-spark [main] INFO  o.s.b.a.e.w.s.WebMvcEndpointHandlerMapping - Mapped "{[/actuator],methods=[GET],produces=[application/vnd.spring-boot.actuator.v2+json || application/json]}" onto protected java.util.Map<java.lang.String, java.util.Map<java.lang.String, org.springframework.boot.actuate.endpoint.web.Link>> org.springframework.boot.actuate.endpoint.web.servlet.WebMvcEndpointHandlerMapping.links(javax.servlet.http.HttpServletRequest,javax.servlet.http.HttpServletResponse)
21:24:35.042 zt-spark [main] INFO  s.d.s.w.PropertySourcedRequestMappingHandlerMapping - Mapped URL path [/v2/api-docs] onto method [public org.springframework.http.ResponseEntity<springfox.documentation.spring.web.json.Json> springfox.documentation.swagger2.web.Swagger2Controller.getDocumentation(java.lang.String,javax.servlet.http.HttpServletRequest)]
21:24:35.101 zt-spark [main] WARN  c.n.c.sources.URLConfigurationSource - No URLs will be polled as dynamic configuration sources.
21:24:35.101 zt-spark [main] INFO  c.n.c.sources.URLConfigurationSource - To enable URLs as dynamic configuration sources, define System property archaius.configurationSource.additionalUrls or make config.properties available on classpath.
21:24:35.202 zt-spark [main] INFO  o.s.w.s.h.SimpleUrlHandlerMapping - Mapped URL path [/**/favicon.ico] onto handler of type [class org.springframework.web.servlet.resource.ResourceHttpRequestHandler]
21:24:35.282 zt-spark [main] INFO  o.s.w.s.m.m.a.RequestMappingHandlerAdapter - Looking for @ControllerAdvice: org.springframework.boot.web.servlet.context.AnnotationConfigServletWebServerApplicationContext@629adce: startup date [Wed Sep 09 21:24:28 CST 2020]; parent: org.springframework.context.annotation.AnnotationConfigApplicationContext@2b40ff9c
21:24:35.334 zt-spark [main] INFO  o.s.w.s.h.SimpleUrlHandlerMapping - Mapped URL path [/webjars/**] onto handler of type [class org.springframework.web.servlet.resource.ResourceHttpRequestHandler]
21:24:35.334 zt-spark [main] INFO  o.s.w.s.h.SimpleUrlHandlerMapping - Mapped URL path [/**] onto handler of type [class org.springframework.web.servlet.resource.ResourceHttpRequestHandler]
21:24:35.969 zt-spark [main] INFO  org.quartz.impl.StdSchedulerFactory - Using default implementation for ThreadExecutor
21:24:35.976 zt-spark [main] INFO  o.quartz.core.SchedulerSignalerImpl - Initialized Scheduler Signaller of type: class org.quartz.core.SchedulerSignalerImpl
21:24:35.976 zt-spark [main] INFO  org.quartz.core.QuartzScheduler - Quartz Scheduler v.2.3.0 created.
21:24:35.977 zt-spark [main] INFO  org.quartz.simpl.RAMJobStore - RAMJobStore initialized.
21:24:35.977 zt-spark [main] INFO  org.quartz.core.QuartzScheduler - Scheduler meta-data: Quartz Scheduler (v2.3.0) 'quartzScheduler' with instanceId 'NON_CLUSTERED'
  Scheduler class: 'org.quartz.core.QuartzScheduler' - running locally.
  NOT STARTED.
  Currently in standby mode.
  Number of jobs executed: 0
  Using thread pool 'org.quartz.simpl.SimpleThreadPool' - with 10 threads.
  Using job-store 'org.quartz.simpl.RAMJobStore' - which does not support persistence. and is not clustered.

21:24:35.977 zt-spark [main] INFO  org.quartz.impl.StdSchedulerFactory - Quartz scheduler 'quartzScheduler' initialized from an externally provided properties instance.
21:24:35.977 zt-spark [main] INFO  org.quartz.impl.StdSchedulerFactory - Quartz scheduler version: 2.3.0
21:24:35.977 zt-spark [main] INFO  org.quartz.core.QuartzScheduler - JobFactory set to: org.springframework.boot.autoconfigure.quartz.AutowireCapableBeanJobFactory@6f69b0ba
21:24:36.035 zt-spark [main] INFO  o.s.b.a.s.s.UserDetailsServiceAutoConfiguration - 

Using generated security password: dd974f1a-3447-419f-878b-553c82c7c3f5

21:24:36.161 zt-spark [main] INFO  o.s.s.web.DefaultSecurityFilterChain - Creating filter chain: org.springframework.security.web.util.matcher.AnyRequestMatcher@1, [org.springframework.security.web.context.request.async.WebAsyncManagerIntegrationFilter@3055f310, org.springframework.security.web.context.SecurityContextPersistenceFilter@17d0d3d7, org.springframework.security.web.header.HeaderWriterFilter@26728255, org.springframework.security.web.authentication.logout.LogoutFilter@f8fe81e, org.springframework.security.oauth2.provider.authentication.OAuth2AuthenticationProcessingFilter@78e7b83, org.springframework.security.web.savedrequest.RequestCacheAwareFilter@106edde4, org.springframework.security.web.servletapi.SecurityContextHolderAwareRequestFilter@eb6ccbc, org.springframework.security.web.authentication.AnonymousAuthenticationFilter@4b7c0f39, org.springframework.security.web.session.SessionManagementFilter@2de07c57, org.springframework.security.web.access.ExceptionTranslationFilter@5dff108c, org.springframework.security.web.access.intercept.FilterSecurityInterceptor@7c680fe1]
21:24:36.400 zt-spark [main] INFO  c.netflix.discovery.DiscoveryClient - Shutting down DiscoveryClient ...
21:24:36.405 zt-spark [main] INFO  c.netflix.discovery.DiscoveryClient - Completed shut down of DiscoveryClient
21:24:36.517 zt-spark [main] INFO  o.s.j.e.a.AnnotationMBeanExporter - Registering beans for JMX exposure on startup
21:24:36.519 zt-spark [main] INFO  o.s.j.e.a.AnnotationMBeanExporter - Bean with name 'statFilter' has been autodetected for JMX exposure
21:24:36.519 zt-spark [main] INFO  o.s.j.e.a.AnnotationMBeanExporter - Bean with name 'dataSource' has been autodetected for JMX exposure
21:24:36.526 zt-spark [main] INFO  o.s.j.e.a.AnnotationMBeanExporter - Bean with name 'environmentManager' has been autodetected for JMX exposure
21:24:36.527 zt-spark [main] INFO  o.s.j.e.a.AnnotationMBeanExporter - Bean with name 'refreshScope' has been autodetected for JMX exposure
21:24:36.527 zt-spark [main] INFO  o.s.j.e.a.AnnotationMBeanExporter - Bean with name 'configurationPropertiesRebinder' has been autodetected for JMX exposure
21:24:36.530 zt-spark [main] INFO  o.s.j.e.a.AnnotationMBeanExporter - Located managed bean 'environmentManager': registering with JMX server as MBean [org.springframework.cloud.context.environment:name=environmentManager,type=EnvironmentManager]
21:24:36.536 zt-spark [main] INFO  o.s.j.e.a.AnnotationMBeanExporter - Located managed bean 'refreshScope': registering with JMX server as MBean [org.springframework.cloud.context.scope.refresh:name=refreshScope,type=RefreshScope]
21:24:36.544 zt-spark [main] INFO  o.s.j.e.a.AnnotationMBeanExporter - Located managed bean 'configurationPropertiesRebinder': registering with JMX server as MBean [org.springframework.cloud.context.properties:name=configurationPropertiesRebinder,context=629adce,type=ConfigurationPropertiesRebinder]
21:24:36.549 zt-spark [main] INFO  o.s.j.e.a.AnnotationMBeanExporter - Located MBean 'dataSource': registering with JMX server as MBean [com.alibaba.druid.spring.boot.autoconfigure:name=dataSource,type=DruidDataSourceWrapper]
21:24:36.550 zt-spark [main] INFO  o.s.j.e.a.AnnotationMBeanExporter - Located MBean 'statFilter': registering with JMX server as MBean [com.alibaba.druid.filter.stat:name=statFilter,type=StatFilter]
21:24:36.565 zt-spark [main] INFO  o.s.c.s.DefaultLifecycleProcessor - Starting beans in phase 0
21:24:36.574 zt-spark [main] INFO  o.s.c.n.eureka.InstanceInfoFactory - Setting initial instance status as: STARTING
21:24:36.578 zt-spark [main] INFO  c.netflix.discovery.DiscoveryClient - Initializing Eureka in region us-east-1
21:24:36.579 zt-spark [main] INFO  c.n.d.p.DiscoveryJerseyProvider - Using JSON encoding codec LegacyJacksonJson
21:24:36.579 zt-spark [main] INFO  c.n.d.p.DiscoveryJerseyProvider - Using JSON decoding codec LegacyJacksonJson
21:24:36.579 zt-spark [main] INFO  c.n.d.p.DiscoveryJerseyProvider - Using XML encoding codec XStreamXml
21:24:36.579 zt-spark [main] INFO  c.n.d.p.DiscoveryJerseyProvider - Using XML decoding codec XStreamXml
21:24:36.622 zt-spark [main] INFO  c.n.d.s.r.aws.ConfigClusterResolver - Resolving eureka endpoints via configuration
21:24:36.622 zt-spark [main] INFO  c.netflix.discovery.DiscoveryClient - Disable delta property : false
21:24:36.623 zt-spark [main] INFO  c.netflix.discovery.DiscoveryClient - Single vip registry refresh property : null
21:24:36.623 zt-spark [main] INFO  c.netflix.discovery.DiscoveryClient - Force full registry fetch : false
21:24:36.623 zt-spark [main] INFO  c.netflix.discovery.DiscoveryClient - Application is null : false
21:24:36.623 zt-spark [main] INFO  c.netflix.discovery.DiscoveryClient - Registered Applications size is zero : true
21:24:36.623 zt-spark [main] INFO  c.netflix.discovery.DiscoveryClient - Application version is -1: true
21:24:36.623 zt-spark [main] INFO  c.netflix.discovery.DiscoveryClient - Getting all instance registry info from the eureka server
21:24:36.627 zt-spark [main] INFO  c.netflix.discovery.DiscoveryClient - The response status is 200
21:24:36.628 zt-spark [main] INFO  c.netflix.discovery.DiscoveryClient - Starting heartbeat executor: renew interval is: 30
21:24:36.630 zt-spark [main] INFO  c.n.discovery.InstanceInfoReplicator - InstanceInfoReplicator onDemand update allowed rate per min is 4
21:24:36.631 zt-spark [main] INFO  c.netflix.discovery.DiscoveryClient - Discovery Client initialized at timestamp 1599657876631 with initial instances count: 3
21:24:36.639 zt-spark [main] INFO  o.s.c.n.e.s.EurekaServiceRegistry - Registering application zt-spark with eureka with status UP
21:24:36.639 zt-spark [main] INFO  c.netflix.discovery.DiscoveryClient - Saw local status change event StatusChangeEvent [timestamp=1599657876639, current=UP, previous=STARTING]
21:24:36.641 zt-spark [DiscoveryClient-InstanceInfoReplicator-0] INFO  c.netflix.discovery.DiscoveryClient - DiscoveryClient_ZT-SPARK/WIN-4PV4BLRG218:zt-spark:9100: registering service...
21:24:36.643 zt-spark [main] INFO  o.s.c.s.DefaultLifecycleProcessor - Starting beans in phase 2147483647
21:24:36.644 zt-spark [main] INFO  s.d.s.w.p.DocumentationPluginsBootstrapper - Context refreshed
21:24:36.655 zt-spark [main] INFO  s.d.s.w.p.DocumentationPluginsBootstrapper - Found 1 custom documentation plugin(s)
21:24:36.666 zt-spark [DiscoveryClient-InstanceInfoReplicator-0] INFO  c.netflix.discovery.DiscoveryClient - DiscoveryClient_ZT-SPARK/WIN-4PV4BLRG218:zt-spark:9100 - registration status: 204
21:24:36.687 zt-spark [main] INFO  s.d.s.w.s.ApiListingReferenceScanner - Scanning for api listing references
21:24:36.773 zt-spark [main] INFO  s.d.s.w.r.o.CachingOperationNameGenerator - Generating unique operation named: deleteUsingDELETE_1
21:24:36.774 zt-spark [main] INFO  s.d.s.w.r.o.CachingOperationNameGenerator - Generating unique operation named: downloadExcelUsingGET_1
21:24:36.775 zt-spark [main] INFO  s.d.s.w.r.o.CachingOperationNameGenerator - Generating unique operation named: infoUsingGET_1
21:24:36.781 zt-spark [main] INFO  s.d.s.w.r.o.CachingOperationNameGenerator - Generating unique operation named: saveUsingPOST_1
21:24:36.782 zt-spark [main] INFO  s.d.s.w.r.o.CachingOperationNameGenerator - Generating unique operation named: updateUsingPUT_1
21:24:36.784 zt-spark [main] INFO  s.d.s.w.r.o.CachingOperationNameGenerator - Generating unique operation named: deleteUsingDELETE_2
21:24:36.785 zt-spark [main] INFO  s.d.s.w.r.o.CachingOperationNameGenerator - Generating unique operation named: downloadExcelUsingGET_2
21:24:36.786 zt-spark [main] INFO  s.d.s.w.r.o.CachingOperationNameGenerator - Generating unique operation named: infoUsingGET_2
21:24:36.789 zt-spark [main] INFO  s.d.s.w.r.o.CachingOperationNameGenerator - Generating unique operation named: pageUsingGET_1
21:24:36.795 zt-spark [main] INFO  s.d.s.w.r.o.CachingOperationNameGenerator - Generating unique operation named: saveUsingPOST_2
21:24:36.796 zt-spark [main] INFO  s.d.s.w.r.o.CachingOperationNameGenerator - Generating unique operation named: updateUsingPUT_2
21:24:36.797 zt-spark [main] INFO  s.d.s.w.r.o.CachingOperationNameGenerator - Generating unique operation named: uploadExcelUsingPOST_1
21:24:36.798 zt-spark [main] INFO  s.d.s.w.r.o.CachingOperationNameGenerator - Generating unique operation named: deleteUsingDELETE_3
21:24:36.799 zt-spark [main] INFO  s.d.s.w.r.o.CachingOperationNameGenerator - Generating unique operation named: downloadExcelUsingGET_3
21:24:36.801 zt-spark [main] INFO  s.d.s.w.r.o.CachingOperationNameGenerator - Generating unique operation named: infoUsingGET_3
21:24:36.802 zt-spark [main] INFO  s.d.s.w.r.o.CachingOperationNameGenerator - Generating unique operation named: pageUsingGET_2
21:24:36.806 zt-spark [main] INFO  s.d.s.w.r.o.CachingOperationNameGenerator - Generating unique operation named: saveUsingPOST_3
21:24:36.807 zt-spark [main] INFO  s.d.s.w.r.o.CachingOperationNameGenerator - Generating unique operation named: updateUsingPUT_3
21:24:36.807 zt-spark [main] INFO  s.d.s.w.r.o.CachingOperationNameGenerator - Generating unique operation named: uploadExcelUsingPOST_2
21:24:36.828 zt-spark [main] INFO  o.s.s.quartz.SchedulerFactoryBean - Starting Quartz Scheduler now
21:24:36.828 zt-spark [main] INFO  org.quartz.core.QuartzScheduler - Scheduler quartzScheduler_$_NON_CLUSTERED started.
21:24:36.839 zt-spark [main] INFO  o.a.coyote.http11.Http11NioProtocol - Starting ProtocolHandler ["http-nio-9100"]
21:24:36.847 zt-spark [main] INFO  o.a.tomcat.util.net.NioSelectorPool - Using a shared selector for servlet write/read
21:24:36.868 zt-spark [main] INFO  o.s.b.w.e.tomcat.TomcatWebServer - Tomcat started on port(s): 9100 (http) with context path ''
21:24:36.869 zt-spark [main] INFO  o.s.c.n.e.s.EurekaAutoServiceRegistration - Updating port to 9100
21:24:36.871 zt-spark [main] INFO  com.ztman.ztspark.ZtSparkApplication - Started ZtSparkApplication in 10.663 seconds (JVM running for 11.431)
21:24:37.223 zt-spark [RMI TCP Connection(7)-192.168.10.139] INFO  o.a.c.c.C.[Tomcat].[localhost].[/] - Initializing Spring FrameworkServlet 'dispatcherServlet'
21:24:37.223 zt-spark [RMI TCP Connection(7)-192.168.10.139] INFO  o.s.web.servlet.DispatcherServlet - FrameworkServlet 'dispatcherServlet': initialization started
21:24:37.237 zt-spark [RMI TCP Connection(8)-192.168.10.139] INFO  o.s.c.c.c.ConfigServicePropertySourceLocator - Fetching config from server at : http://192.168.10.139:2001/
21:24:37.240 zt-spark [RMI TCP Connection(7)-192.168.10.139] INFO  o.s.web.servlet.DispatcherServlet - FrameworkServlet 'dispatcherServlet': initialization completed in 17 ms
21:24:37.388 zt-spark [RMI TCP Connection(8)-192.168.10.139] INFO  o.s.c.c.c.ConfigServicePropertySourceLocator - Located environment: name=zt-spark, profiles=[dev], label=null, version=null, state=null
21:24:37.460 zt-spark [RMI TCP Connection(8)-192.168.10.139] INFO  io.lettuce.core.EpollProvider - Starting without optional epoll library
21:24:37.462 zt-spark [RMI TCP Connection(8)-192.168.10.139] INFO  io.lettuce.core.KqueueProvider - Starting without optional kqueue library
